<?xml version="1.0" encoding="UTF-8"?>
<!-- Generated by org.testng.reporters.JUnitReportReporter -->
<testsuite hostname="Manojkumar" failures="0" tests="9" name="com.studentachievement.Achievement" time="28.155" errors="0" timestamp="2023-05-18T13:51:04 IST" skipped="6">
  <testcase classname="com.studentachievement.Achievement" name="studentLogin" time="6.121"/>
  <system-out/>
  <testcase classname="com.studentachievement.Achievement" name="otherTechnicalRecordselect" time="4.738"/>
  <system-out/>
  <testcase classname="com.studentachievement.Achievement" name="otherTechnicalRecordsFill" time="17.296"/>
  <system-out/>
  <testcase classname="com.studentachievement.Achievement" name="technicalRecordFill">
    <skipped/>
  </testcase> <!-- technicalRecordFill -->
  <system-out/>
  <testcase classname="com.studentachievement.Achievement" name="productandsolutionsFill">
    <skipped/>
  </testcase> <!-- productandsolutionsFill -->
  <system-out/>
  <testcase classname="com.studentachievement.Achievement" name="symposiumFill">
    <skipped/>
  </testcase> <!-- symposiumFill -->
  <system-out/>
  <testcase classname="com.studentachievement.Achievement" name="symposiumSelect">
    <skipped/>
  </testcase> <!-- symposiumSelect -->
  <system-out/>
  <testcase classname="com.studentachievement.Achievement" name="technicalRecordselect">
    <skipped/>
  </testcase> <!-- technicalRecordselect -->
  <system-out/>
  <testcase classname="com.studentachievement.Achievement" name="productAndSolutionSelect">
    <skipped/>
  </testcase> <!-- productAndSolutionSelect -->
  <system-out/>
</testsuite> <!-- com.studentachievement.Achievement -->
