<?xml version="1.0" encoding="UTF-8"?>
<!-- Generated by org.testng.reporters.JUnitReportReporter -->
<testsuite hostname="Manojkumar" failures="0" tests="1" name="com.randomquestiongenerator.RandomQuestionGenerator" time="2.278" errors="0" timestamp="2023-05-10T14:41:15 IST" skipped="0">
  <testcase classname="com.randomquestiongenerator.RandomQuestionGenerator" name="questionCreation" time="2.278"/>
  <system-out/>
</testsuite> <!-- com.randomquestiongenerator.RandomQuestionGenerator -->
