<?xml version="1.0" encoding="UTF-8"?>
<!-- Generated by org.testng.reporters.JUnitReportReporter -->
<testsuite hostname="DESKTOP-ATU8G6K" failures="0" tests="1" name="com.studentsmarkupload.StudentsMarkUpload" time="23.981" errors="0" timestamp="2023-06-08T18:26:29 QYZT" skipped="0">
  <testcase classname="com.studentsmarkupload.StudentsMarkUpload" name="marksUpload" time="23.981"/>
  <system-out/>
</testsuite> <!-- com.studentsmarkupload.StudentsMarkUpload -->
