<?xml version="1.0" encoding="UTF-8"?>
<!-- Generated by org.testng.reporters.JUnitReportReporter -->
<testsuite hostname="Manojkumar" failures="0" tests="2" name="com.pathsetter.PathSelector" time="1.317" errors="0" timestamp="2023-05-17T21:34:09 IST" skipped="0">
  <testcase classname="com.pathsetter.PathSelector" name="getStudentDetails" time="1.063"/>
  <system-out/>
  <testcase classname="com.pathsetter.PathSelector" name="excelRead" time="0.254"/>
  <system-out/>
</testsuite> <!-- com.pathsetter.PathSelector -->
