<?xml version="1.0" encoding="UTF-8"?>
<!-- Generated by org.testng.reporters.JUnitReportReporter -->
<testsuite hostname="Manojkumar" failures="0" tests="9" name="com.studentachievement.AchievementCoCurricular" time="113.956" errors="0" timestamp="2023-05-18T14:00:08 IST" skipped="0">
  <testcase classname="com.studentachievement.AchievementCoCurricular" name="studentLogin" time="4.799"/>
  <system-out/>
  <testcase classname="com.studentachievement.AchievementCoCurricular" name="productAndSolutionSelect" time="4.548"/>
  <system-out/>
  <testcase classname="com.studentachievement.AchievementCoCurricular" name="productandsolutionsFill" time="30.496"/>
  <system-out/>
  <testcase classname="com.studentachievement.AchievementCoCurricular" name="symposiumSelect" time="1.325"/>
  <system-out/>
  <testcase classname="com.studentachievement.AchievementCoCurricular" name="symposiumFill" time="13.464"/>
  <system-out/>
  <testcase classname="com.studentachievement.AchievementCoCurricular" name="technicalRecordselect" time="1.765"/>
  <system-out/>
  <testcase classname="com.studentachievement.AchievementCoCurricular" name="technicalRecordFill" time="42.017"/>
  <system-out/>
  <testcase classname="com.studentachievement.AchievementCoCurricular" name="otherTechnicalRecordselect" time="1.822"/>
  <system-out/>
  <testcase classname="com.studentachievement.AchievementCoCurricular" name="otherTechnicalRecordsFill" time="13.720"/>
  <system-out/>
</testsuite> <!-- com.studentachievement.AchievementCoCurricular -->
