<?xml version="1.0" encoding="UTF-8"?>
<!-- Generated by org.testng.reporters.JUnitReportReporter -->
<testsuite hostname="Manojkumar" failures="0" tests="5" name="com.skillenhancement.SkillEn" time="114.412" errors="0" timestamp="2023-05-12T15:02:27 IST" skipped="0">
  <testcase classname="com.skillenhancement.SkillEn" name="adminLogin" time="4.684"/>
  <system-out/>
  <testcase classname="com.skillenhancement.SkillEn" name="skillEnhancement" time="2.294"/>
  <system-out/>
  <testcase classname="com.skillenhancement.SkillEn" name="addNew" time="6.534"/>
  <system-out/>
  <testcase classname="com.skillenhancement.SkillEn" name="addCourseVideo" time="3.768"/>
  <system-out/>
  <testcase classname="com.skillenhancement.SkillEn" name="addingAssessment" time="97.132"/>
  <system-out/>
</testsuite> <!-- com.skillenhancement.SkillEn -->
