<?xml version="1.0" encoding="UTF-8"?>
<!-- Generated by org.testng.reporters.JUnitReportReporter -->
<testsuite hostname="Manojkumar" failures="0" tests="5" name="com.skill.SkillEnhancement" time="85.617" errors="0" timestamp="2023-06-01T17:31:59 IST" skipped="0">
  <testcase classname="com.skill.SkillEnhancement" name="adminLogin" time="4.021"/>
  <system-out/>
  <testcase classname="com.skill.SkillEnhancement" name="skillEnhancement" time="1.759"/>
  <system-out/>
  <testcase classname="com.skill.SkillEnhancement" name="addNew" time="4.323"/>
  <system-out/>
  <testcase classname="com.skill.SkillEnhancement" name="addCourseVideo" time="10.292"/>
  <system-out/>
  <testcase classname="com.skill.SkillEnhancement" name="addingAssessment" time="65.222"/>
  <system-out/>
</testsuite> <!-- com.skill.SkillEnhancement -->
