<?xml version="1.0" encoding="UTF-8"?>
<!-- Generated by org.testng.reporters.JUnitReportReporter -->
<testsuite hostname="Manojkumar" failures="0" tests="1" name="com.beep.PlaySound" time="5.980" errors="0" timestamp="2023-05-31T14:30:58 IST" skipped="0">
  <testcase classname="com.beep.PlaySound" name="musicFile" time="5.980"/>
  <system-out/>
</testsuite> <!-- com.beep.PlaySound -->
