<?xml version="1.0" encoding="UTF-8"?>
<!-- Generated by org.testng.reporters.JUnitReportReporter -->
<testsuite hostname="Manojkumar" failures="0" tests="1" name="com.testdataprep.DataCreation" time="0.012" errors="0" timestamp="2023-06-01T17:54:12 IST" skipped="0">
  <testcase classname="com.testdataprep.DataCreation" name="helloWorld" time="0.012"/>
  <system-out/>
</testsuite> <!-- com.testdataprep.DataCreation -->
